<?xml version="1.0" encoding="UTF-8"?>
<!-- Generated by org.testng.reporters.JUnitReportReporter -->
<testsuite hostname="DESKTOP-UDJP242" failures="0" tests="2" name="com.juaracoding.posttest21.TestGetAllUser" time="10.311" errors="0" timestamp="2022-08-24T20:19:43 WIB" skipped="0">
  <testcase classname="com.juaracoding.posttest21.TestGetAllUser" name="testStatusCode" time="1.863"/>
  <system-out/>
  <testcase classname="com.juaracoding.posttest21.TestGetAllUser" name="testId" time="8.448"/>
  <system-out/>
</testsuite> <!-- com.juaracoding.posttest21.TestGetAllUser -->
