<?xml version="1.0" encoding="UTF-8"?>
<!-- Generated by org.testng.reporters.JUnitReportReporter -->
<testsuite hostname="DESKTOP-UDJP242" failures="0" tests="1" name="com.juaracoding.posttest21.TestCRUD" time="6.303" errors="0" timestamp="2022-08-26T10:26:55 WIB" skipped="0">
  <testcase classname="com.juaracoding.posttest21.TestCRUD" name="testPatch" time="6.303"/>
  <system-out/>
</testsuite> <!-- com.juaracoding.posttest21.TestCRUD -->
